2025-02-27 10:27:26,165 - INFO - Starting cryptocurrency price monitor for 1 symbols. Checking every 5 minutes.
2025-02-27 10:27:26,165 - INFO - Monitoring STORY-USD - Upper threshold: $7.05, Lower threshold: $6.388
2025-02-27 10:27:26,418 - INFO - Current STORY-USD price: $0.000051
2025-02-27 10:27:26,419 - INFO - Sleeping for 5 minutes until next check...
2025-02-27 10:27:47,600 - INFO - Monitoring stopped by user.
2025-02-27 10:34:54,237 - INFO - Starting cryptocurrency price monitor for 2 symbols. Checking every 5 minutes.
2025-02-27 10:34:54,237 - INFO - Monitoring DOGE-USD - Upper threshold: $0.205, Lower threshold: $0.203
2025-02-27 10:34:54,237 - INFO - Monitoring BTC-USD - Upper threshold: $85000, Lower threshold: $83900
2025-02-27 10:34:54,374 - INFO - Current DOGE-USD price: $0.205346
2025-02-27 10:34:54,401 - INFO - Current BTC-USD price: $84747.601562
2025-02-27 10:34:54,401 - INFO - Sleeping for 5 minutes until next check...
2025-02-27 10:37:57,576 - INFO - Running in TEST MODE - no actual alerts will be sent
2025-02-27 10:37:57,580 - INFO - Starting cryptocurrency price monitor for 2 symbols. Checking every 1 minutes.
2025-02-27 10:37:57,580 - INFO - Monitoring DOGE-USD - Upper threshold: $0.205, Lower threshold: $0.203
2025-02-27 10:37:57,580 - INFO - Monitoring BTC-USD - Upper threshold: $85000, Lower threshold: $83900
2025-02-27 10:37:57,720 - INFO - Current DOGE-USD price: $0.205065
2025-02-27 10:37:57,750 - INFO - Current BTC-USD price: $84664.429688
2025-02-27 10:37:57,750 - INFO - Sleeping for 1 minutes until next check...
2025-02-27 10:38:38,968 - INFO - Monitoring stopped by user.
2025-02-27 10:39:18,561 - INFO - Running in TEST MODE - no actual alerts will be sent
2025-02-27 10:39:18,562 - INFO - Force alert mode enabled - will generate alerts on first check
2025-02-27 10:39:18,565 - INFO - Starting cryptocurrency price monitor for 2 symbols. Checking every 1 minutes.
2025-02-27 10:39:18,565 - INFO - Monitoring DOGE-USD - Upper threshold: $0.205, Lower threshold: $0.203
2025-02-27 10:39:18,565 - INFO - Monitoring BTC-USD - Upper threshold: $85000, Lower threshold: $83900
2025-02-27 10:39:18,691 - INFO - Current DOGE-USD price: $0.204680
2025-02-27 10:39:18,718 - INFO - Current BTC-USD price: $84486.062500
2025-02-27 10:39:18,732 - INFO - Current DOGE-USD price: $0.204680
2025-02-27 10:39:18,748 - INFO - Current BTC-USD price: $84486.062500
2025-02-27 10:39:18,748 - INFO - Sleeping for 1 minutes until next check...
2025-02-27 10:39:34,165 - INFO - Monitoring stopped by user.
2025-02-27 10:39:54,601 - INFO - Current DOGE-USD price: $0.204680
2025-02-27 10:39:54,630 - INFO - Current BTC-USD price: $84486.062500
2025-02-27 10:39:54,630 - INFO - Sleeping for 5 minutes until next check...
2025-02-27 10:44:54,736 - INFO - Current DOGE-USD price: $0.204316
2025-02-27 10:44:54,768 - INFO - Current BTC-USD price: $84484.382812
2025-02-27 10:44:54,768 - INFO - Sleeping for 5 minutes until next check...
2025-02-27 10:49:54,927 - INFO - Current DOGE-USD price: $0.204376
2025-02-27 10:49:54,959 - INFO - Current BTC-USD price: $84491.710938
2025-02-27 10:49:54,959 - INFO - Sleeping for 5 minutes until next check...
2025-02-27 10:54:55,096 - INFO - Current DOGE-USD price: $0.203762
2025-02-27 10:54:55,122 - INFO - Current BTC-USD price: $84497.382812
2025-02-27 10:54:55,122 - INFO - Sleeping for 5 minutes until next check...
2025-02-27 10:59:55,292 - INFO - Current DOGE-USD price: $0.203579
2025-02-27 10:59:55,326 - INFO - Current BTC-USD price: $84457.375000
2025-02-27 10:59:55,326 - INFO - Sleeping for 5 minutes until next check...
2025-02-27 11:04:55,392 - INFO - Current DOGE-USD price: $0.203806
2025-02-27 11:04:55,426 - INFO - Current BTC-USD price: $84308.031250
2025-02-27 11:04:55,426 - INFO - Sleeping for 5 minutes until next check...
2025-02-27 11:09:55,568 - INFO - Current DOGE-USD price: $0.204305
2025-02-27 11:09:55,591 - INFO - Current BTC-USD price: $84526.117188
2025-02-27 11:09:55,591 - INFO - Sleeping for 5 minutes until next check...
2025-02-27 11:14:55,731 - INFO - Current DOGE-USD price: $0.204732
2025-02-27 11:14:55,755 - INFO - Current BTC-USD price: $84703.773438
2025-02-27 11:14:55,755 - INFO - Sleeping for 5 minutes until next check...
2025-02-27 11:19:55,934 - INFO - Current DOGE-USD price: $0.204675
2025-02-27 11:19:55,960 - INFO - Current BTC-USD price: $84800.695312
2025-02-27 11:19:55,960 - INFO - Sleeping for 5 minutes until next check...
2025-02-27 11:21:41,919 - INFO - Monitoring stopped by user.
